#
# There is insufficient memory for the Java Runtime Environment to continue.
# Native memory allocation (mmap) failed to map 45088768 bytes for committing reserved memory.
# Possible reasons:
#   The system is out of physical RAM or swap space
#   In 32 bit mode, the process size limit was hit
# Possible solutions:
#   Reduce memory load on the system
#   Increase physical memory or swap space
#   Check if swap backing store is full
#   Use 64 bit Java on a 64 bit OS
#   Decrease Java heap size (-Xmx/-Xms)
#   Decrease number of Java threads
#   Decrease Java thread stack sizes (-Xss)
#   Set larger code cache with -XX:ReservedCodeCacheSize=
# This output file may be truncated or incomplete.
#
#  Out of Memory Error (os_linux.cpp:2640), pid=20883, tid=0x00007f83537f7700
#
# JRE version: Java(TM) SE Runtime Environment (8.0_161-b12) (build 1.8.0_161-b12)
# Java VM: Java HotSpot(TM) 64-Bit Server VM (25.161-b12 mixed mode linux-amd64 compressed oops)
# Failed to write core dump. Core dumps have been disabled. To enable core dumping, try "ulimit -c unlimited" before starting Java again
#

---------------  T H R E A D  ---------------

Current thread (0x00007f8374147800):  VMThread [stack: 0x00007f83536f8000,0x00007f83537f8000] [id=20899]

Stack: [0x00007f83536f8000,0x00007f83537f8000],  sp=0x00007f83537f5f40,  free space=1015k
Native frames: (J=compiled Java code, j=interpreted, Vv=VM code, C=native code)
V  [libjvm.so+0xacf94a]  VMError::report_and_die()+0x2ba
V  [libjvm.so+0x50050b]  report_vm_out_of_memory(char const*, int, unsigned long, VMErrorType, char const*)+0x8b
V  [libjvm.so+0x92b133]  os::Linux::commit_memory_impl(char*, unsigned long, bool)+0x103
V  [libjvm.so+0x92b5c9]  os::pd_commit_memory(char*, unsigned long, unsigned long, bool)+0x29
V  [libjvm.so+0x924c0a]  os::commit_memory(char*, unsigned long, unsigned long, bool)+0x2a
V  [libjvm.so+0x99ab53]  PSVirtualSpace::expand_by(unsigned long)+0x53
V  [libjvm.so+0x99bf58]  PSYoungGen::resize_generation(unsigned long, unsigned long)+0xf8
V  [libjvm.so+0x99b0b2]  PSYoungGen::resize(unsigned long, unsigned long)+0x22
V  [libjvm.so+0x99838b]  PSScavenge::invoke_no_policy()+0xf3b
V  [libjvm.so+0x998b11]  PSScavenge::invoke()+0x41
V  [libjvm.so+0x94f5a0]  ParallelScavengeHeap::failed_mem_allocate(unsigned long)+0x70
V  [libjvm.so+0xad13c7]  VM_ParallelGCFailedAllocation::doit()+0x97
V  [libjvm.so+0xad8ed5]  VM_Operation::evaluate()+0x55
V  [libjvm.so+0xad729a]  VMThread::evaluate_operation(VM_Operation*)+0xba
V  [libjvm.so+0xad761e]  VMThread::loop()+0x1ce
V  [libjvm.so+0xad7a90]  VMThread::run()+0x70
V  [libjvm.so+0x92da28]  java_start(Thread*)+0x108

VM_Operation (0x00007f837db6c370): ParallelGCFailedAllocation, mode: safepoint, requested by thread 0x00007f8374012800


---------------  P R O C E S S  ---------------

Java Threads: ( => current thread )
  0x00007f8324003000 JavaThread "RMI TCP Connection(3)-127.0.0.1" daemon [_thread_blocked, id=20930, stack(0x00007f8351067000,0x00007f8351168000)]
  0x00007f831400d800 JavaThread "RMI Scheduler(0)" daemon [_thread_blocked, id=20921, stack(0x00007f8351469000,0x00007f835156a000)]
  0x00007f8324001800 JavaThread "RMI TCP Connection(idle)" daemon [_thread_blocked, id=20920, stack(0x00007f835176a000,0x00007f835186b000)]
  0x00007f833c001000 JavaThread "Attach Listener" daemon [_thread_blocked, id=20918, stack(0x00007f83518b9000,0x00007f83519ba000)]
  0x00007f83747af800 JavaThread "RMI TCP Accept-0" daemon [_thread_in_native, id=20916, stack(0x00007f8351abb000,0x00007f8351bbc000)]
  0x00007f83746e5000 JavaThread "Service Thread" daemon [_thread_blocked, id=20915, stack(0x00007f83521f2000,0x00007f83522f3000)]
  0x00007f83746e2000 JavaThread "C1 CompilerThread2" daemon [_thread_blocked, id=20914, stack(0x00007f83522f4000,0x00007f83523f4000)]
  0x00007f83746df800 JavaThread "C2 CompilerThread1" daemon [_thread_blocked, id=20913, stack(0x00007f83523f5000,0x00007f83524f5000)]
  0x00007f83746de000 JavaThread "C2 CompilerThread0" daemon [_thread_blocked, id=20912, stack(0x00007f83524f6000,0x00007f83525f6000)]
  0x00007f83746dc000 JavaThread "Monitor Ctrl-Break" daemon [_thread_in_native, id=20911, stack(0x00007f83525f6000,0x00007f83526f7000)]
  0x00007f8374186800 JavaThread "Signal Dispatcher" daemon [_thread_blocked, id=20908, stack(0x00007f8352a25000,0x00007f8352b26000)]
  0x00007f8374154000 JavaThread "Finalizer" daemon [_thread_blocked, id=20903, stack(0x00007f83534f5000,0x00007f83535f6000)]
  0x00007f837414f800 JavaThread "Reference Handler" daemon [_thread_blocked, id=20901, stack(0x00007f83535f6000,0x00007f83536f7000)]
  0x00007f8374012800 JavaThread "main" [_thread_blocked, id=20886, stack(0x00007f837da70000,0x00007f837db70000)]

Other Threads:
=>0x00007f8374147800 VMThread [stack: 0x00007f83536f8000,0x00007f83537f8000] [id=20899]
  0x00007f83747c5800 WatcherThread [stack: 0x00007f83519bb000,0x00007f8351abb000] [id=20917]

VM state:at safepoint (normal execution)

VM Mutex/Monitor currently owned by a thread:  ([mutex/lock_event])
[0x00007f837400f250] Threads_lock - owner thread: 0x00007f8374147800
[0x00007f837400f750] Heap_lock - owner thread: 0x00007f8374012800

Heap:
 PSYoungGen      total 120320K, used 5629K [0x00000000ee700000, 0x00000000f6200000, 0x0000000100000000)
  eden space 114688K, 0% used [0x00000000ee700000,0x00000000ee700000,0x00000000f5700000)
  from space 5632K, 99% used [0x00000000f5700000,0x00000000f5c7f528,0x00000000f5c80000)
  to   space 5632K, 0% used [0x00000000f5c80000,0x00000000f5c80000,0x00000000f6200000)
 ParOldGen       total 30720K, used 9782K [0x00000000cb400000, 0x00000000cd200000, 0x00000000ee700000)
  object space 30720K, 31% used [0x00000000cb400000,0x00000000cbd8d888,0x00000000cd200000)
 Metaspace       used 25711K, capacity 26682K, committed 26752K, reserved 1073152K
  class space    used 3434K, capacity 3657K, committed 3712K, reserved 1048576K

Card table byte_map: [0x00007f837a38a000,0x00007f837a531000] byte_map_base: 0x00007f8379d30000

Marking Bits: (ParMarkBitMap*) 0x00007f837cf09920
 Begin Bits: [0x00007f837840c000, 0x00007f837913c000)
 End Bits:   [0x00007f837913c000, 0x00007f8379e6c000)

Polling page: 0x00007f837db87000

CodeCache: size=245760Kb used=5018Kb max_used=5018Kb free=240741Kb
 bounds [0x00007f8365000000, 0x00007f83654f0000, 0x00007f8374000000]
 total_blobs=2703 nmethods=2289 adapters=326
 compilation: enabled

Compilation events (10 events):
Event: 59.768 Thread 0x00007f83746e2000 nmethod 2313 0x00007f83654e3b10 code [0x00007f83654e3d40, 0x00007f83654e47b8]
Event: 59.768 Thread 0x00007f83746e2000 2316       1       org.springframework.context.annotation.ConfigurationClassParser$SourceClass::<init> (54 bytes)
Event: 59.768 Thread 0x00007f83746e2000 nmethod 2316 0x00007f83654e54d0 code [0x00007f83654e5680, 0x00007f83654e5b38]
Event: 59.768 Thread 0x00007f83746e2000 2314       1       org.springframework.core.type.classreading.AnnotationMetadataReadingVisitor::isAnnotated (24 bytes)
Event: 59.768 Thread 0x00007f83746e2000 nmethod 2314 0x00007f83654e5f50 code [0x00007f83654e60c0, 0x00007f83654e62b8]
Event: 59.768 Thread 0x00007f83746e2000 2315       1       java.util.ArrayDeque::pop (5 bytes)
Event: 59.769 Thread 0x00007f83746e2000 nmethod 2315 0x00007f83654e63d0 code [0x00007f83654e6540, 0x00007f83654e66d8]
Event: 60.109 Thread 0x00007f83746e2000 2317       1       com.sun.jmx.remote.internal.ServerCommunicatorAdmin::access$500 (5 bytes)
Event: 60.513 Thread 0x00007f83746e2000 nmethod 2317 0x00007f83654e67d0 code [0x00007f83654e6920, 0x00007f83654e6a10]
Event: 60.620 Thread 0x00007f83746e2000 2320       1       sun.reflect.annotation.AnnotationParser::parseClassArray (79 bytes)

GC Heap History (10 events):
Event: 2.162 GC heap after
Heap after GC invocations=5 (full 0):
 PSYoungGen      total 30720K, used 2024K [0x00000000ee700000, 0x00000000f2700000, 0x0000000100000000)
  eden space 28672K, 0% used [0x00000000ee700000,0x00000000ee700000,0x00000000f0300000)
  from space 2048K, 98% used [0x00000000f0300000,0x00000000f04fa3f8,0x00000000f0500000)
  to   space 4096K, 0% used [0x00000000f2300000,0x00000000f2300000,0x00000000f2700000)
 ParOldGen       total 36864K, used 5319K [0x00000000cb400000, 0x00000000cd800000, 0x00000000ee700000)
  object space 36864K, 14% used [0x00000000cb400000,0x00000000cb931f08,0x00000000cd800000)
 Metaspace       used 14268K, capacity 14726K, committed 14976K, reserved 1062912K
  class space    used 1799K, capacity 1917K, committed 1920K, reserved 1048576K
}
Event: 2.259 GC heap before
{Heap before GC invocations=6 (full 0):
 PSYoungGen      total 30720K, used 30696K [0x00000000ee700000, 0x00000000f2700000, 0x0000000100000000)
  eden space 28672K, 100% used [0x00000000ee700000,0x00000000f0300000,0x00000000f0300000)
  from space 2048K, 98% used [0x00000000f0300000,0x00000000f04fa3f8,0x00000000f0500000)
  to   space 4096K, 0% used [0x00000000f2300000,0x00000000f2300000,0x00000000f2700000)
 ParOldGen       total 36864K, used 5319K [0x00000000cb400000, 0x00000000cd800000, 0x00000000ee700000)
  object space 36864K, 14% used [0x00000000cb400000,0x00000000cb931f08,0x00000000cd800000)
 Metaspace       used 15193K, capacity 15706K, committed 15744K, reserved 1062912K
  class space    used 2029K, capacity 2169K, committed 2176K, reserved 1048576K
Event: 2.265 GC heap after
Heap after GC invocations=6 (full 0):
 PSYoungGen      total 61440K, used 3304K [0x00000000ee700000, 0x00000000f2700000, 0x0000000100000000)
  eden space 57344K, 0% used [0x00000000ee700000,0x00000000ee700000,0x00000000f1f00000)
  from space 4096K, 80% used [0x00000000f2300000,0x00000000f263a3f8,0x00000000f2700000)
  to   space 4096K, 0% used [0x00000000f1f00000,0x00000000f1f00000,0x00000000f2300000)
 ParOldGen       total 36864K, used 5327K [0x00000000cb400000, 0x00000000cd800000, 0x00000000ee700000)
  object space 36864K, 14% used [0x00000000cb400000,0x00000000cb933f08,0x00000000cd800000)
 Metaspace       used 15193K, capacity 15706K, committed 15744K, reserved 1062912K
  class space    used 2029K, capacity 2169K, committed 2176K, reserved 1048576K
}
Event: 2.633 GC heap before
{Heap before GC invocations=7 (full 0):
 PSYoungGen      total 61440K, used 60648K [0x00000000ee700000, 0x00000000f2700000, 0x0000000100000000)
  eden space 57344K, 100% used [0x00000000ee700000,0x00000000f1f00000,0x00000000f1f00000)
  from space 4096K, 80% used [0x00000000f2300000,0x00000000f263a3f8,0x00000000f2700000)
  to   space 4096K, 0% used [0x00000000f1f00000,0x00000000f1f00000,0x00000000f2300000)
 ParOldGen       total 36864K, used 5327K [0x00000000cb400000, 0x00000000cd800000, 0x00000000ee700000)
  object space 36864K, 14% used [0x00000000cb400000,0x00000000cb933f08,0x00000000cd800000)
 Metaspace       used 18719K, capacity 19342K, committed 19584K, reserved 1067008K
  class space    used 2480K, capacity 2629K, committed 2688K, reserved 1048576K
Event: 2.652 GC heap after
Heap after GC invocations=7 (full 0):
 PSYoungGen      total 61440K, used 4089K [0x00000000ee700000, 0x00000000f6200000, 0x0000000100000000)
  eden space 57344K, 0% used [0x00000000ee700000,0x00000000ee700000,0x00000000f1f00000)
  from space 4096K, 99% used [0x00000000f1f00000,0x00000000f22fe6b8,0x00000000f2300000)
  to   space 5632K, 0% used [0x00000000f5c80000,0x00000000f5c80000,0x00000000f6200000)
 ParOldGen       total 36864K, used 7851K [0x00000000cb400000, 0x00000000cd800000, 0x00000000ee700000)
  object space 36864K, 21% used [0x00000000cb400000,0x00000000cbbaafd0,0x00000000cd800000)
 Metaspace       used 18719K, capacity 19342K, committed 19584K, reserved 1067008K
  class space    used 2480K, capacity 2629K, committed 2688K, reserved 1048576K
}
Event: 3.025 GC heap before
{Heap before GC invocations=8 (full 0):
 PSYoungGen      total 61440K, used 35219K [0x00000000ee700000, 0x00000000f6200000, 0x0000000100000000)
  eden space 57344K, 54% used [0x00000000ee700000,0x00000000f0566558,0x00000000f1f00000)
  from space 4096K, 99% used [0x00000000f1f00000,0x00000000f22fe6b8,0x00000000f2300000)
  to   space 5632K, 0% used [0x00000000f5c80000,0x00000000f5c80000,0x00000000f6200000)
 ParOldGen       total 36864K, used 7851K [0x00000000cb400000, 0x00000000cd800000, 0x00000000ee700000)
  object space 36864K, 21% used [0x00000000cb400000,0x00000000cbbaafd0,0x00000000cd800000)
 Metaspace       used 20588K, capacity 21236K, committed 21296K, reserved 1067008K
  class space    used 2724K, capacity 2908K, committed 2944K, reserved 1048576K
Event: 3.030 GC heap after
Heap after GC invocations=8 (full 0):
 PSYoungGen      total 120320K, used 4162K [0x00000000ee700000, 0x00000000f6200000, 0x0000000100000000)
  eden space 114688K, 0% used [0x00000000ee700000,0x00000000ee700000,0x00000000f5700000)
  from space 5632K, 73% used [0x00000000f5c80000,0x00000000f6090a48,0x00000000f6200000)
  to   space 5632K, 0% used [0x00000000f5700000,0x00000000f5700000,0x00000000f5c80000)
 ParOldGen       total 36864K, used 8331K [0x00000000cb400000, 0x00000000cd800000, 0x00000000ee700000)
  object space 36864K, 22% used [0x00000000cb400000,0x00000000cbc22fd0,0x00000000cd800000)
 Metaspace       used 20588K, capacity 21236K, committed 21296K, reserved 1067008K
  class space    used 2724K, capacity 2908K, committed 2944K, reserved 1048576K
}
Event: 3.030 GC heap before
{Heap before GC invocations=9 (full 1):
 PSYoungGen      total 120320K, used 4162K [0x00000000ee700000, 0x00000000f6200000, 0x0000000100000000)
  eden space 114688K, 0% used [0x00000000ee700000,0x00000000ee700000,0x00000000f5700000)
  from space 5632K, 73% used [0x00000000f5c80000,0x00000000f6090a48,0x00000000f6200000)
  to   space 5632K, 0% used [0x00000000f5700000,0x00000000f5700000,0x00000000f5c80000)
 ParOldGen       total 36864K, used 8331K [0x00000000cb400000, 0x00000000cd800000, 0x00000000ee700000)
  object space 36864K, 22% used [0x00000000cb400000,0x00000000cbc22fd0,0x00000000cd800000)
 Metaspace       used 20588K, capacity 21236K, committed 21296K, reserved 1067008K
  class space    used 2724K, capacity 2908K, committed 2944K, reserved 1048576K
Event: 3.084 GC heap after
Heap after GC invocations=9 (full 1):
 PSYoungGen      total 120320K, used 0K [0x00000000ee700000, 0x00000000f6200000, 0x0000000100000000)
  eden space 114688K, 0% used [0x00000000ee700000,0x00000000ee700000,0x00000000f5700000)
  from space 5632K, 0% used [0x00000000f5c80000,0x00000000f5c80000,0x00000000f6200000)
  to   space 5632K, 0% used [0x00000000f5700000,0x00000000f5700000,0x00000000f5c80000)
 ParOldGen       total 30720K, used 8159K [0x00000000cb400000, 0x00000000cd200000, 0x00000000ee700000)
  object space 30720K, 26% used [0x00000000cb400000,0x00000000cbbf7dc0,0x00000000cd200000)
 Metaspace       used 20586K, capacity 21230K, committed 21296K, reserved 1067008K
  class space    used 2723K, capacity 2907K, committed 2944K, reserved 1048576K
}
Event: 62.831 GC heap before
{Heap before GC invocations=10 (full 1):
 PSYoungGen      total 120320K, used 114688K [0x00000000ee700000, 0x00000000f6200000, 0x0000000100000000)
  eden space 114688K, 100% used [0x00000000ee700000,0x00000000f5700000,0x00000000f5700000)
  from space 5632K, 0% used [0x00000000f5c80000,0x00000000f5c80000,0x00000000f6200000)
  to   space 5632K, 0% used [0x00000000f5700000,0x00000000f5700000,0x00000000f5c80000)
 ParOldGen       total 30720K, used 8159K [0x00000000cb400000, 0x00000000cd200000, 0x00000000ee700000)
  object space 30720K, 26% used [0x00000000cb400000,0x00000000cbbf7dc0,0x00000000cd200000)
 Metaspace       used 25711K, capacity 26682K, committed 26752K, reserved 1073152K
  class space    used 3434K, capacity 3657K, committed 3712K, reserved 1048576K

Deoptimization events (0 events):
No events

Classes redefined (0 events):
No events

Internal exceptions (10 events):
Event: 4.564 Thread 0x00007f8374012800 Exception <a 'java/lang/IncompatibleClassChangeError': Found class java.lang.Object, but interface was expected> (0x00000000f379c5b0) thrown at [/HUDSON/workspace/8-2-build-linux-amd64/jdk8u161/10277/hotspot/src/share/vm/interpreter/linkResolver.cpp, line
Event: 4.753 Thread 0x00007f8324003000 Exception <a 'java/lang/reflect/InvocationTargetException'> (0x00000000f2af8d48) thrown at [/HUDSON/workspace/8-2-build-linux-amd64/jdk8u161/10277/hotspot/src/share/vm/runtime/reflection.cpp, line 1092]
Event: 6.573 Thread 0x00007f8324003000 Exception <a 'java/lang/reflect/InvocationTargetException'> (0x00000000f4365358) thrown at [/HUDSON/workspace/8-2-build-linux-amd64/jdk8u161/10277/hotspot/src/share/vm/runtime/reflection.cpp, line 1092]
Event: 18.841 Thread 0x00007f8324003000 Exception <a 'java/lang/reflect/InvocationTargetException'> (0x00000000f4372d50) thrown at [/HUDSON/workspace/8-2-build-linux-amd64/jdk8u161/10277/hotspot/src/share/vm/runtime/reflection.cpp, line 1092]
Event: 28.042 Thread 0x00007f8324003000 Exception <a 'java/lang/reflect/InvocationTargetException'> (0x00000000f46d4ef0) thrown at [/HUDSON/workspace/8-2-build-linux-amd64/jdk8u161/10277/hotspot/src/share/vm/runtime/reflection.cpp, line 1092]
Event: 37.992 Thread 0x00007f8324003000 Exception <a 'java/lang/reflect/InvocationTargetException'> (0x00000000f46e28a0) thrown at [/HUDSON/workspace/8-2-build-linux-amd64/jdk8u161/10277/hotspot/src/share/vm/runtime/reflection.cpp, line 1092]
Event: 43.198 Thread 0x00007f8324003000 Exception <a 'java/lang/reflect/InvocationTargetException'> (0x00000000f46f0278) thrown at [/HUDSON/workspace/8-2-build-linux-amd64/jdk8u161/10277/hotspot/src/share/vm/runtime/reflection.cpp, line 1092]
Event: 56.523 Thread 0x00007f8324003000 Exception <a 'java/lang/reflect/InvocationTargetException'> (0x00000000f4937978) thrown at [/HUDSON/workspace/8-2-build-linux-amd64/jdk8u161/10277/hotspot/src/share/vm/runtime/reflection.cpp, line 1092]
Event: 58.950 Thread 0x00007f8324003000 Exception <a 'java/lang/reflect/InvocationTargetException'> (0x00000000f4945258) thrown at [/HUDSON/workspace/8-2-build-linux-amd64/jdk8u161/10277/hotspot/src/share/vm/runtime/reflection.cpp, line 1092]
Event: 60.105 Thread 0x00007f8324003000 Exception <a 'java/lang/reflect/InvocationTargetException'> (0x00000000f4ffacc0) thrown at [/HUDSON/workspace/8-2-build-linux-amd64/jdk8u161/10277/hotspot/src/share/vm/runtime/reflection.cpp, line 1092]

Events (10 events):
Event: 60.098 loading class com/fasterxml/jackson/datatype/joda/ser/DateTimeSerializer
Event: 60.100 loading class com/fasterxml/jackson/datatype/joda/ser/DateTimeSerializer done
Event: 60.107 loading class com/fasterxml/jackson/datatype/joda/cfg/JacksonJodaDateFormat
Event: 60.107 loading class com/fasterxml/jackson/datatype/joda/cfg/JacksonJodaDateFormat done
Event: 60.208 loading class com/fasterxml/jackson/dataformat/xml/XmlMapper
Event: 60.247 loading class com/fasterxml/jackson/dataformat/xml/XmlMapper done
Event: 60.962 Executing VM operation: RevokeBias
Event: 61.175 Executing VM operation: RevokeBias done
Event: 61.226 Thread 0x00007f8310003000 Thread exited: 0x00007f8310003000
Event: 62.643 Executing VM operation: ParallelGCFailedAllocation


Dynamic libraries:
00400000-00401000 r-xp 00000000 08:01 2100401                            /usr/jdk1.8.0_161/bin/java
00600000-00601000 rw-p 00000000 08:01 2100401                            /usr/jdk1.8.0_161/bin/java
00bf2000-00c13000 rw-p 00000000 00:00 0                                  [heap]
cb400000-cd200000 rw-p 00000000 00:00 0 
cd200000-ee700000 ---p 00000000 00:00 0 
ee700000-f6200000 rw-p 00000000 00:00 0 
f8d00000-100000000 ---p 00000000 00:00 0 
100000000-1003a0000 rw-p 00000000 00:00 0 
1003a0000-140000000 ---p 00000000 00:00 0 
7f8304000000-7f8304021000 rw-p 00000000 00:00 0 
7f8304021000-7f8308000000 ---p 00000000 00:00 0 
7f830c000000-7f830c2b8000 rw-p 00000000 00:00 0 
7f830c2b8000-7f8310000000 ---p 00000000 00:00 0 
7f8310000000-7f8310021000 rw-p 00000000 00:00 0 
7f8310021000-7f8314000000 ---p 00000000 00:00 0 
7f8314000000-7f8314021000 rw-p 00000000 00:00 0 
7f8314021000-7f8318000000 ---p 00000000 00:00 0 
7f8318000000-7f8318021000 rw-p 00000000 00:00 0 
7f8318021000-7f831c000000 ---p 00000000 00:00 0 
7f831c000000-7f831c021000 rw-p 00000000 00:00 0 
7f831c021000-7f8320000000 ---p 00000000 00:00 0 
7f8320000000-7f8320021000 rw-p 00000000 00:00 0 
7f8320021000-7f8324000000 ---p 00000000 00:00 0 
7f8324000000-7f8324021000 rw-p 00000000 00:00 0 
7f8324021000-7f8328000000 ---p 00000000 00:00 0 
7f8328bff000-7f8328c7f000 rw-p 00000000 00:00 0 
7f8328c7f000-7f8328dff000 ---p 00000000 00:00 0 
7f8328dff000-7f8328fff000 rw-p 00000000 00:00 0 
7f8328fff000-7f832c000000 rw-p 00000000 00:00 0 
7f832c000000-7f832c063000 rw-p 00000000 00:00 0 
7f832c063000-7f8330000000 ---p 00000000 00:00 0 
7f8330000000-7f8330021000 rw-p 00000000 00:00 0 
7f8330021000-7f8334000000 ---p 00000000 00:00 0 
7f8334000000-7f8334021000 rw-p 00000000 00:00 0 
7f8334021000-7f8338000000 ---p 00000000 00:00 0 
7f8338000000-7f833863d000 rw-p 00000000 00:00 0 
7f833863d000-7f833c000000 ---p 00000000 00:00 0 
7f833c000000-7f833c021000 rw-p 00000000 00:00 0 
7f833c021000-7f8340000000 ---p 00000000 00:00 0 
7f8340000000-7f8340066000 rw-p 00000000 00:00 0 
7f8340066000-7f8344000000 ---p 00000000 00:00 0 
7f8344000000-7f8344021000 rw-p 00000000 00:00 0 
7f8344021000-7f8348000000 ---p 00000000 00:00 0 
7f8348000000-7f8348021000 rw-p 00000000 00:00 0 
7f8348021000-7f834c000000 ---p 00000000 00:00 0 
7f834c000000-7f834c290000 rw-p 00000000 00:00 0 
7f834c290000-7f8350000000 ---p 00000000 00:00 0 
7f835012d000-7f835032d000 rw-p 00000000 00:00 0 
7f835032d000-7f835052d000 rw-p 00000000 00:00 0 
7f835052d000-7f835072d000 rw-p 00000000 00:00 0 
7f835072d000-7f8350730000 ---p 00000000 00:00 0 
7f8350730000-7f8350a2e000 rw-p 00000000 00:00 0 
7f8350a2e000-7f8350a45000 r-xp 00000000 08:01 7476022                    /lib/x86_64-linux-gnu/libresolv-2.27.so
7f8350a45000-7f8350c45000 ---p 00017000 08:01 7476022                    /lib/x86_64-linux-gnu/libresolv-2.27.so
7f8350c45000-7f8350c46000 r--p 00017000 08:01 7476022                    /lib/x86_64-linux-gnu/libresolv-2.27.so
7f8350c46000-7f8350c47000 rw-p 00018000 08:01 7476022                    /lib/x86_64-linux-gnu/libresolv-2.27.so
7f8350c47000-7f8350c49000 rw-p 00000000 00:00 0 
7f8350c49000-7f8350c4e000 r-xp 00000000 08:01 7475971                    /lib/x86_64-linux-gnu/libnss_dns-2.27.so
7f8350c4e000-7f8350e4e000 ---p 00005000 08:01 7475971                    /lib/x86_64-linux-gnu/libnss_dns-2.27.so
7f8350e4e000-7f8350e4f000 r--p 00005000 08:01 7475971                    /lib/x86_64-linux-gnu/libnss_dns-2.27.so
7f8350e4f000-7f8350e50000 rw-p 00006000 08:01 7475971                    /lib/x86_64-linux-gnu/libnss_dns-2.27.so
7f8350e50000-7f8350e52000 r-xp 00000000 08:01 7475979                    /lib/x86_64-linux-gnu/libnss_mdns4_minimal.so.2
7f8350e52000-7f8351051000 ---p 00002000 08:01 7475979                    /lib/x86_64-linux-gnu/libnss_mdns4_minimal.so.2
7f8351051000-7f8351052000 r--p 00001000 08:01 7475979                    /lib/x86_64-linux-gnu/libnss_mdns4_minimal.so.2
7f8351052000-7f8351053000 rw-p 00002000 08:01 7475979                    /lib/x86_64-linux-gnu/libnss_mdns4_minimal.so.2
7f8351067000-7f835106a000 ---p 00000000 00:00 0 
7f835106a000-7f8351368000 rw-p 00000000 00:00 0 
7f8351368000-7f835136b000 ---p 00000000 00:00 0 
7f835136b000-7f8351469000 rw-p 00000000 00:00 0 
7f8351469000-7f835146c000 ---p 00000000 00:00 0 
7f835146c000-7f835176a000 rw-p 00000000 00:00 0 
7f835176a000-7f835176d000 ---p 00000000 00:00 0 
7f835176d000-7f835186b000 rw-p 00000000 00:00 0 
7f835186b000-7f8351875000 r--s 00116000 08:01 2102083                    /usr/jdk1.8.0_161/jre/lib/ext/localedata.jar
7f8351875000-7f8351891000 r--s 00393000 08:01 2102076                    /usr/jdk1.8.0_161/jre/lib/ext/cldrdata.jar
7f8351891000-7f8351898000 r--s 00000000 08:01 2362048                    /usr/lib/x86_64-linux-gnu/gconv/gconv-modules.cache
7f8351898000-7f83518b9000 r--p 00000000 08:01 3672376                    /usr/share/locale-langpack/zh_CN/LC_MESSAGES/libc.mo
7f83518b9000-7f83518bc000 ---p 00000000 00:00 0 
7f83518bc000-7f83519ba000 rw-p 00000000 00:00 0 
7f83519ba000-7f83519bb000 ---p 00000000 00:00 0 
7f83519bb000-7f8351abb000 rw-p 00000000 00:00 0 
7f8351abb000-7f8351abe000 ---p 00000000 00:00 0 
7f8351abe000-7f8351bbc000 rw-p 00000000 00:00 0 
7f8351bbc000-7f8351bc1000 r--s 0009d000 08:01 2102072                    /usr/jdk1.8.0_161/jre/lib/jsse.jar
7f8351bc1000-7f8351bd2000 r-xp 00000000 08:01 2102232                    /usr/jdk1.8.0_161/jre/lib/amd64/libnio.so
7f8351bd2000-7f8351dd1000 ---p 00011000 08:01 2102232                    /usr/jdk1.8.0_161/jre/lib/amd64/libnio.so
7f8351dd1000-7f8351dd2000 rw-p 00010000 08:01 2102232                    /usr/jdk1.8.0_161/jre/lib/amd64/libnio.so
7f8351dd2000-7f8351ddb000 r-xp 00000000 08:01 2102237                    /usr/jdk1.8.0_161/jre/lib/amd64/libmanagement.so
7f8351ddb000-7f8351fda000 ---p 00009000 08:01 2102237                    /usr/jdk1.8.0_161/jre/lib/amd64/libmanagement.so
7f8351fda000-7f8351fdb000 rw-p 00008000 08:01 2102237                    /usr/jdk1.8.0_161/jre/lib/amd64/libmanagement.so
7f8351fdb000-7f8351ff1000 r-xp 00000000 08:01 2102229                    /usr/jdk1.8.0_161/jre/lib/amd64/libnet.so
7f8351ff1000-7f83521f1000 ---p 00016000 08:01 2102229                    /usr/jdk1.8.0_161/jre/lib/amd64/libnet.so
7f83521f1000-7f83521f2000 rw-p 00016000 08:01 2102229                    /usr/jdk1.8.0_161/jre/lib/amd64/libnet.so
7f83521f2000-7f83521f5000 ---p 00000000 00:00 0 
7f83521f5000-7f83522f3000 rw-p 00000000 00:00 0 
7f83522f3000-7f83522f4000 ---p 00000000 00:00 0 
7f83522f4000-7f83522f7000 ---p 00000000 00:00 0 
7f83522f7000-7f83523f4000 rw-p 00000000 00:00 0 
7f83523f4000-7f83523f5000 ---p 00000000 00:00 0 
7f83523f5000-7f83523f8000 ---p 00000000 00:00 0 
7f83523f8000-7f83524f5000 rw-p 00000000 00:00 0 
7f83524f5000-7f83524f6000 ---p 00000000 00:00 0 
7f83524f6000-7f83524f9000 ---p 00000000 00:00 0 
7f83524f9000-7f83525f6000 rw-p 00000000 00:00 0 
7f83525f6000-7f83525f9000 ---p 00000000 00:00 0 
7f83525f9000-7f83526f7000 rw-p 00000000 00:00 0 
7f83526f7000-7f83526f9000 r--s 0001b000 08:01 525972                     /home/jiangshipan/下载/idea-IU-191.7141.44/lib/idea_rt.jar
7f83526f9000-7f83526fa000 r--s 00005000 08:01 920580                     /home/jiangshipan/.m2/repository/org/springframework/spring-jcl/5.1.7.RELEASE/spring-jcl-5.1.7.RELEASE.jar
7f83526fa000-7f8352713000 r--s 00123000 08:01 920565                     /home/jiangshipan/.m2/repository/org/springframework/spring-core/5.1.7.RELEASE/spring-core-5.1.7.RELEASE.jar
7f8352713000-7f8352715000 r--s 00009000 08:01 1048966                    /home/jiangshipan/.m2/repository/org/slf4j/slf4j-api/1.7.26/slf4j-api-1.7.26.jar
7f8352715000-7f835272d000 r--s 00218000 08:01 918509                     /home/jiangshipan/.m2/repository/mysql/mysql-connector-java/8.0.16/mysql-connector-java-8.0.16.jar
7f835272d000-7f8352732000 r--s 00040000 08:01 1049004                    /home/jiangshipan/.m2/repository/org/springframework/spring-expression/5.1.7.RELEASE/spring-expression-5.1.7.RELEASE.jar
7f8352732000-7f835274c000 r--s 000f4000 08:01 920569                     /home/jiangshipan/.m2/repository/org/springframework/spring-context/5.1.7.RELEASE/spring-context-5.1.7.RELEASE.jar
7f835274c000-7f8352756000 r--s 00051000 08:01 920564                     /home/jiangshipan/.m2/repository/org/springframework/spring-aop/5.1.7.RELEASE/spring-aop-5.1.7.RELEASE.jar
7f8352756000-7f8352765000 r--s 000b5000 08:01 1049078                    /home/jiangshipan/.m2/repository/org/springframework/spring-webmvc/5.1.7.RELEASE/spring-webmvc-5.1.7.RELEASE.jar
7f8352765000-7f8352771000 r--s 00099000 08:01 920567                     /home/jiangshipan/.m2/repository/org/springframework/spring-beans/5.1.7.RELEASE/spring-beans-5.1.7.RELEASE.jar
7f8352771000-7f835278d000 r--s 00137000 08:01 1049002                    /home/jiangshipan/.m2/repository/org/springframework/spring-web/5.1.7.RELEASE/spring-web-5.1.7.RELEASE.jar
7f835278d000-7f835278f000 r--s 0000f000 08:01 1049000                    /home/jiangshipan/.m2/repository/com/fasterxml/classmate/1.4.0/classmate-1.4.0.jar
7f835278f000-7f8352791000 r--s 0000f000 08:01 1048998                    /home/jiangshipan/.m2/repository/org/jboss/logging/jboss-logging/3.3.2.Final/jboss-logging-3.3.2.Final.jar
7f8352791000-7f8352796000 r--s 00012000 08:01 1048996                    /home/jiangshipan/.m2/repository/javax/validation/validation-api/2.0.1.Final/validation-api-2.0.1.Final.jar
7f8352796000-7f83527b3000 r--s 000fe000 08:01 1048994                    /home/jiangshipan/.m2/repository/org/hibernate/validator/hibernate-validator/6.0.16.Final/hibernate-validator-6.0.16.Final.jar
7f83527b3000-7f83527b8000 r--s 0003c000 08:01 1048992                    /home/jiangshipan/.m2/repository/org/apache/tomcat/embed/tomcat-embed-websocket/9.0.19/tomcat-embed-websocket-9.0.19.jar
7f83527b8000-7f83527bd000 r--s 00039000 08:01 1048990                    /home/jiangshipan/.m2/repository/org/apache/tomcat/embed/tomcat-embed-el/9.0.19/tomcat-embed-el-9.0.19.jar
7f83527bd000-7f83527e8000 r--s 002fe000 08:01 1049076                    /home/jiangshipan/.m2/repository/org/apache/tomcat/embed/tomcat-embed-core/9.0.19/tomcat-embed-core-9.0.19.jar
7f83527e8000-7f83527e9000 r--s 00000000 08:01 1048976                    /home/jiangshipan/.m2/repository/org/springframework/boot/spring-boot-starter-tomcat/2.1.5.RELEASE/spring-boot-starter-tomcat-2.1.5.RELEASE.jar
7f83527e9000-7f83527eb000 r--s 00001000 08:01 1048975                    /home/jiangshipan/.m2/repository/com/fasterxml/jackson/module/jackson-module-parameter-names/2.9.8/jackson-module-parameter-names-2.9.8.jar
7f83527eb000-7f83527ee000 r--s 00016000 08:01 1048982                    /home/jiangshipan/.m2/repository/com/fasterxml/jackson/datatype/jackson-datatype-jsr310/2.9.8/jackson-datatype-jsr310-2.9.8.jar
7f83527ee000-7f83527f0000 r--s 00007000 08:01 1048980                    /home/jiangshipan/.m2/repository/com/fasterxml/jackson/datatype/jackson-datatype-jdk8/2.9.8/jackson-datatype-jdk8-2.9.8.jar
7f83527f0000-7f83527f1000 r--s 00000000 08:01 1048970                    /home/jiangshipan/.m2/repository/org/springframework/boot/spring-boot-starter-json/2.1.5.RELEASE/spring-boot-starter-json-2.1.5.RELEASE.jar
7f83527f1000-7f83527f8000 r--s 00043000 08:01 1048962                    /home/jiangshipan/.m2/repository/org/yaml/snakeyaml/1.23/snakeyaml-1.23.jar
7f83527f8000-7f83527fa000 r--s 00005000 08:01 1048988                    /home/jiangshipan/.m2/repository/javax/annotation/javax.annotation-api/1.3.2/javax.annotation-api-1.3.2.jar
7f83527fa000-7f83527fc000 r--s 00000000 08:01 1048964                    /home/jiangshipan/.m2/repository/org/slf4j/jul-to-slf4j/1.7.26/jul-to-slf4j-1.7.26.jar
7f83527fc000-7f8352802000 r--s 0003c000 08:01 1048958                    /home/jiangshipan/.m2/repository/org/apache/logging/log4j/log4j-api/2.11.2/log4j-api-2.11.2.jar
7f8352802000-7f8352804000 r--s 00003000 08:01 1048960                    /home/jiangshipan/.m2/repository/org/apache/logging/log4j/log4j-to-slf4j/2.11.2/log4j-to-slf4j-2.11.2.jar
7f8352804000-7f835280f000 r--s 00069000 08:01 1048956                    /home/jiangshipan/.m2/repository/ch/qos/logback/logback-core/1.2.3/logback-core-1.2.3.jar
7f835280f000-7f8352815000 r--s 00041000 08:01 1048954                    /home/jiangshipan/.m2/repository/ch/qos/logback/logback-classic/1.2.3/logback-classic-1.2.3.jar
7f8352815000-7f8352816000 r--s 00000000 08:01 1048952                    /home/jiangshipan/.m2/repository/org/springframework/boot/spring-boot-starter-logging/2.1.5.RELEASE/spring-boot-starter-logging-2.1.5.RELEASE.jar
7f8352816000-7f835282b000 r--s 000d4000 08:01 920563                     /home/jiangshipan/.m2/repository/org/springframework/boot/spring-boot/2.1.5.RELEASE/spring-boot-2.1.5.RELEASE.jar
7f835282b000-7f835282c000 r--s 00000000 08:01 920571                     /home/jiangshipan/.m2/repository/org/springframework/boot/spring-boot-starter/2.1.5.RELEASE/spring-boot-starter-2.1.5.RELEASE.jar
7f835282c000-7f835282d000 r--s 00000000 08:01 920561                     /home/jiangshipan/.m2/repository/org/springframework/boot/spring-boot-starter-web/2.1.5.RELEASE/spring-boot-starter-web-2.1.5.RELEASE.jar
7f835282d000-7f8352831000 r--s 0004c000 08:01 1048978                    /home/jiangshipan/.m2/repository/com/fasterxml/jackson/core/jackson-core/2.9.8/jackson-core-2.9.8.jar
7f8352831000-7f8352843000 r--s 00137000 08:01 1048974                    /home/jiangshipan/.m2/repository/com/fasterxml/jackson/core/jackson-databind/2.9.8/jackson-databind-2.9.8.jar
7f8352843000-7f8352846000 r--s 0000e000 08:01 1048984                    /home/jiangshipan/.m2/repository/com/fasterxml/jackson/core/jackson-annotations/2.9.0/jackson-annotations-2.9.0.jar
7f8352846000-7f835286a000 r--s 00111000 08:01 1048950                    /home/jiangshipan/.m2/repository/org/springframework/boot/spring-boot-autoconfigure/2.1.5.RELEASE/spring-boot-autoconfigure-2.1.5.RELEASE.jar
7f835286a000-7f835286c000 r--s 00007000 08:01 4591689                    /home/jiangshipan/.m2/repository/org/springframework/cloud/spring-cloud-config-client/2.1.1.RELEASE/spring-cloud-config-client-2.1.1.RELEASE.jar
7f835286c000-7f83528c4000 r--s 003a7000 08:01 1841300                    /home/jiangshipan/.m2/repository/org/bouncycastle/bcprov-jdk15on/1.60/bcprov-jdk15on-1.60.jar
7f83528c4000-7f83528d7000 r--s 000b0000 08:01 1841297                    /home/jiangshipan/.m2/repository/org/bouncycastle/bcpkix-jdk15on/1.60/bcpkix-jdk15on-1.60.jar
7f83528d7000-7f83528d8000 r--s 00004000 08:01 1841295                    /home/jiangshipan/.m2/repository/org/springframework/security/spring-security-rsa/1.0.7.RELEASE/spring-security-rsa-1.0.7.RELEASE.jar
7f83528d8000-7f83528de000 r--s 0001f000 08:01 4461349                    /home/jiangshipan/.m2/repository/org/springframework/cloud/spring-cloud-commons/2.1.1.RELEASE/spring-cloud-commons-2.1.1.RELEASE.jar
7f83528de000-7f83528e0000 r--s 00010000 08:01 1841293                    /home/jiangshipan/.m2/repository/org/springframework/security/spring-security-crypto/5.1.5.RELEASE/spring-security-crypto-5.1.5.RELEASE.jar
7f83528e0000-7f83528e3000 r--s 00019000 08:01 4461343                    /home/jiangshipan/.m2/repository/org/springframework/cloud/spring-cloud-context/2.1.1.RELEASE/spring-cloud-context-2.1.1.RELEASE.jar
7f83528e3000-7f83528e4000 r--s 00000000 08:01 4461361                    /home/jiangshipan/.m2/repository/org/springframework/cloud/spring-cloud-starter/2.1.1.RELEASE/spring-cloud-starter-2.1.1.RELEASE.jar
7f83528e4000-7f83528e5000 r--s 00000000 08:01 4591685                    /home/jiangshipan/.m2/repository/org/springframework/cloud/spring-cloud-starter-config/2.1.0.RELEASE/spring-cloud-starter-config-2.1.0.RELEASE.jar
7f83528e5000-7f83528fe000 r--s 00102000 08:01 2237567                    /home/jiangshipan/.m2/repository/io/reactivex/rxjava/1.3.8/rxjava-1.3.8.jar
7f83528fe000-7f8352900000 r--s 00002000 08:01 2890869                    /home/jiangshipan/.m2/repository/com/netflix/netflix-commons/netflix-statistics/0.1.1/netflix-statistics-0.1.1.jar
7f8352900000-7f8352904000 r--s 00024000 08:01 3157182                    /home/jiangshipan/.m2/repository/com/netflix/ribbon/ribbon-loadbalancer/2.3.0/ribbon-loadbalancer-2.3.0.jar
7f8352904000-7f8352906000 r--s 00001000 08:01 3157180                    /home/jiangshipan/.m2/repository/com/netflix/netflix-commons/netflix-commons-util/0.3.0/netflix-commons-util-0.3.0.jar
7f8352906000-7f8352913000 r--s 00083000 08:01 1841303                    /home/jiangshipan/.m2/repository/commons-collections/commons-collections/3.2.2/commons-collections-3.2.2.jar
7f8352913000-7f8352915000 r--s 0000c000 08:01 3288955                    /home/jiangshipan/.m2/repository/com/netflix/ribbon/ribbon-httpclient/2.3.0/ribbon-httpclient-2.3.0.jar
7f8352915000-7f835291a000 r--s 00041000 08:01 2890870                    /home/jiangshipan/.m2/repository/commons-lang/commons-lang/2.6/commons-lang-2.6.jar
7f835291a000-7f835291e000 r--s 00011000 08:01 3157178                    /home/jiangshipan/.m2/repository/com/netflix/ribbon/ribbon-core/2.3.0/ribbon-core-2.3.0.jar
7f835291e000-7f8352949000 r--s 001f5000 08:01 1051553                    /home/jiangshipan/.m2/repository/com/google/guava/guava/16.0.1/guava-16.0.1.jar
7f8352949000-7f8352953000 r--s 00059000 08:01 2498437                    /home/jiangshipan/.m2/repository/io/reactivex/rxnetty/0.4.9/rxnetty-0.4.9.jar
7f8352953000-7f8352954000 r--s 00000000 08:01 1049601                    /home/jiangshipan/.m2/repository/javax/inject/javax.inject/1/javax.inject-1.jar
7f8352954000-7f8352956000 r--s 0001a000 08:01 2629541                    /home/jiangshipan/.m2/repository/org/hdrhistogram/HdrHistogram/2.1.9/HdrHistogram-2.1.9.jar
7f8352956000-7f8352963000 r--s 00066000 08:01 3288951                    /home/jiangshipan/.m2/repository/com/netflix/hystrix/hystrix-core/1.5.18/hystrix-core-1.5.18.jar
7f8352963000-7f8352965000 r--s 00006000 08:01 3157181                    /home/jiangshipan/.m2/repository/io/reactivex/rxnetty-servo/0.4.9/rxnetty-servo-0.4.9.jar
7f8352965000-7f8352968000 r--s 0000b000 08:01 3157171                    /home/jiangshipan/.m2/repository/io/reactivex/rxnetty-contexts/0.4.9/rxnetty-contexts-0.4.9.jar
7f8352968000-7f8352969000 r--s 00009000 08:01 3157179                    /home/jiangshipan/.m2/repository/com/netflix/ribbon/ribbon-transport/2.3.0/ribbon-transport-2.3.0.jar
7f8352969000-7f835296d000 r--s 00012000 08:01 3157167                    /home/jiangshipan/.m2/repository/com/netflix/ribbon/ribbon/2.3.0/ribbon-2.3.0.jar
7f835296d000-7f8352971000 r--s 00017000 08:01 4461356                    /home/jiangshipan/.m2/repository/org/springframework/cloud/spring-cloud-netflix-ribbon/2.1.1.RELEASE/spring-cloud-netflix-ribbon-2.1.1.RELEASE.jar
7f8352971000-7f8352972000 r--s 00000000 08:01 4461346                    /home/jiangshipan/.m2/repository/org/springframework/cloud/spring-cloud-starter-netflix-ribbon/2.1.1.RELEASE/spring-cloud-starter-netflix-ribbon-2.1.1.RELEASE.jar
7f8352972000-7f8352973000 r--s 00000000 08:01 4461385                    /home/jiangshipan/.m2/repository/org/springframework/cloud/spring-cloud-starter-ribbon/1.4.7.RELEASE/spring-cloud-starter-ribbon-1.4.7.RELEASE.jar
7f8352973000-7f8352975000 r--s 00005000 08:01 3021560                    /home/jiangshipan/.m2/repository/xpp3/xpp3_min/1.1.4c/xpp3_min-1.1.4c.jar
7f8352975000-7f8352976000 r--s 00001000 08:01 2890865                    /home/jiangshipan/.m2/repository/xmlpull/xmlpull/1.1.3.1/xmlpull-1.1.3.1.jar
7f8352976000-7f8352984000 r--s 00082000 08:01 2890863                    /home/jiangshipan/.m2/repository/com/thoughtworks/xstream/xstream/1.4.10/xstream-1.4.10.jar
7f8352984000-7f8352986000 r--s 00003000 08:01 3288959                    /home/jiangshipan/.m2/repository/com/netflix/ribbon/ribbon-eureka/2.3.0/ribbon-eureka-2.3.0.jar
7f8352986000-7f835298d000 r--s 00050000 08:01 2890862                    /home/jiangshipan/.m2/repository/commons-configuration/commons-configuration/1.8/commons-configuration-1.8.jar
7f835298d000-7f835298e000 r--s 00003000 08:01 4461359                    /home/jiangshipan/.m2/repository/org/springframework/cloud/spring-cloud-netflix-archaius/2.1.1.RELEASE/spring-cloud-netflix-archaius-2.1.1.RELEASE.jar
7f835298e000-7f835298f000 r--s 00000000 08:01 4461341                    /home/jiangshipan/.m2/repository/org/springframework/cloud/spring-cloud-starter-netflix-archaius/2.1.1.RELEASE/spring-cloud-starter-netflix-archaius-2.1.1.RELEASE.jar
7f835298f000-7f8352993000 r--s 00024000 08:01 3157172                    /home/jiangshipan/.m2/repository/org/codehaus/woodstox/stax2-api/3.1.4/stax2-api-3.1.4.jar
7f8352993000-7f8352995000 r--s 00004000 08:01 3157162                    /home/jiangshipan/.m2/repository/javax/xml/stream/stax-api/1.0-2/stax-api-1.0-2.jar
7f8352995000-7f835299b000 r--s 00071000 08:01 3157160                    /home/jiangshipan/.m2/repository/org/codehaus/woodstox/woodstox-core-asl/4.4.1/woodstox-core-asl-4.4.1.jar
7f835299b000-7f83529a0000 r--s 0003a000 08:01 3157158                    /home/jiangshipan/.m2/repository/com/netflix/eureka/eureka-core/1.9.8/eureka-core-1.9.8.jar
7f83529a0000-7f83529a5000 r--s 00024000 08:01 3021554                    /home/jiangshipan/.m2/repository/com/github/andrewoma/dexx/dexx-collections/0.2/dexx-collections-0.2.jar
7f83529a5000-7f83529a7000 r--s 00000000 08:01 1049603                    /home/jiangshipan/.m2/repository/aopalliance/aopalliance/1.0/aopalliance-1.0.jar
7f83529a7000-7f83529b5000 r--s 00097000 08:01 3021550                    /home/jiangshipan/.m2/repository/com/google/inject/guice/4.1.0/guice-4.1.0.jar
7f83529b5000-7f83529bc000 r--s 0004b000 08:01 1049631                    /home/jiangshipan/.m2/repository/commons-codec/commons-codec/1.11/commons-codec-1.11.jar
7f83529bc000-7f83529c3000 r--s 00049000 08:01 3021543                    /home/jiangshipan/.m2/repository/org/apache/httpcomponents/httpcore/4.4.11/httpcore-4.4.11.jar
7f83529c3000-7f83529d0000 r--s 000b0000 08:01 3021562                    /home/jiangshipan/.m2/repository/org/apache/httpcomponents/httpclient/4.5.8/httpclient-4.5.8.jar
7f83529d0000-7f83529d2000 r--s 00003000 08:01 3021549                    /home/jiangshipan/.m2/repository/com/sun/jersey/contribs/jersey-apache-client4/1.19.1/jersey-apache-client4-1.19.1.jar
7f83529d2000-7f83529d5000 r--s 0001e000 08:01 3021564                    /home/jiangshipan/.m2/repository/com/sun/jersey/jersey-client/1.19.1/jersey-client-1.19.1.jar
7f83529d5000-7f83529df000 r--s 00061000 08:01 2629543                    /home/jiangshipan/.m2/repository/com/sun/jersey/jersey-core/1.19.1/jersey-core-1.19.1.jar
7f83529df000-7f83529e4000 r--s 00033000 08:01 2890860                    /home/jiangshipan/.m2/repository/com/netflix/servo/servo-core/0.12.21/servo-core-0.12.21.jar
7f83529e4000-7f83529e6000 r--s 0000a000 08:01 2237565                    /home/jiangshipan/.m2/repository/javax/ws/rs/jsr311-api/1.1.1/jsr311-api-1.1.1.jar
7f83529e6000-7f83529ea000 r--s 0001f000 08:01 2890859                    /home/jiangshipan/.m2/repository/com/netflix/archaius/archaius-core/0.7.6/archaius-core-0.7.6.jar
7f83529ea000-7f83529fd000 r--s 000df000 08:01 2890855                    /home/jiangshipan/.m2/repository/org/apache/commons/commons-math/2.2/commons-math-2.2.jar
7f83529fd000-7f8352a02000 r--s 00036000 08:01 2890849                    /home/jiangshipan/.m2/repository/com/google/code/gson/gson/2.8.5/gson-2.8.5.jar
7f8352a02000-7f8352a07000 r--s 00068000 08:01 2890845                    /home/jiangshipan/.m2/repository/antlr/antlr/2.7.7/antlr-2.7.7.jar
7f8352a07000-7f8352a0a000 r--s 00022000 08:01 2758593                    /home/jiangshipan/.m2/repository/org/antlr/stringtemplate/3.2.1/stringtemplate-3.2.1.jar
7f8352a0a000-7f8352a0e000 r--s 00025000 08:01 2758591                    /home/jiangshipan/.m2/repository/org/antlr/antlr-runtime/3.4/antlr-runtime-3.4.jar
7f8352a0e000-7f8352a1f000 r--s 0008c000 08:01 2758589                    /home/jiangshipan/.m2/repository/joda-time/joda-time/2.10.2/joda-time-2.10.2.jar
7f8352a1f000-7f8352a25000 r--s 00044000 08:01 2758587                    /home/jiangshipan/.m2/repository/commons-jxpath/commons-jxpath/1.3/commons-jxpath-1.3.jar
7f8352a25000-7f8352a28000 ---p 00000000 00:00 0 
7f8352a28000-7f8352b26000 rw-p 00000000 00:00 0 
7f8352b26000-7f83534f5000 r--p 00000000 08:01 2103986                    /usr/lib/locale/locale-archive
7f83534f5000-7f83534f8000 ---p 00000000 00:00 0 
7f83534f8000-7f83535f6000 rw-p 00000000 00:00 0 
7f83535f6000-7f83535f9000 ---p 00000000 00:00 0 
7f83535f9000-7f83536f7000 rw-p 00000000 00:00 0 
7f83536f7000-7f83536f8000 ---p 00000000 00:00 0 
7f83536f8000-7f8354000000 rw-p 00000000 00:00 0 
7f8354000000-7f8354021000 rw-p 00000000 00:00 0 
7f8354021000-7f8358000000 ---p 00000000 00:00 0 
7f8358000000-7f8358021000 rw-p 00000000 00:00 0 
7f8358021000-7f835c000000 ---p 00000000 00:00 0 
7f835c000000-7f835c021000 rw-p 00000000 00:00 0 
7f835c021000-7f8360000000 ---p 00000000 00:00 0 
7f8360000000-7f8360021000 rw-p 00000000 00:00 0 
7f8360021000-7f8364000000 ---p 00000000 00:00 0 
7f8364000000-7f8364001000 r--s 00004000 08:01 3021552                    /home/jiangshipan/.m2/repository/com/github/vlsi/compactmap/compactmap/1.2.1/compactmap-1.2.1.jar
7f8364001000-7f8364004000 r--s 00016000 08:01 2758585                    /home/jiangshipan/.m2/repository/com/netflix/netflix-commons/netflix-infix/0.3.0/netflix-infix-0.3.0.jar
7f8364004000-7f8364006000 r--s 0000f000 08:01 2758584                    /home/jiangshipan/.m2/repository/com/netflix/netflix-commons/netflix-eventbus/0.3.0/netflix-eventbus-0.3.0.jar
7f8364006000-7f8364008000 r--s 00005000 08:01 2758581                    /home/jiangshipan/.m2/repository/stax/stax-api/1.0.1/stax-api-1.0.1.jar
7f8364008000-7f836400b000 r--s 00012000 08:01 2758579                    /home/jiangshipan/.m2/repository/org/codehaus/jettison/jettison/1.3.7/jettison-1.3.7.jar
7f836400b000-7f8364015000 r--s 00062000 08:01 2758577                    /home/jiangshipan/.m2/repository/com/netflix/eureka/eureka-client/1.9.8/eureka-client-1.9.8.jar
7f8364015000-7f8364019000 r--s 00015000 08:01 4461351                    /home/jiangshipan/.m2/repository/org/springframework/cloud/spring-cloud-netflix-eureka-client/2.1.1.RELEASE/spring-cloud-netflix-eureka-client-2.1.1.RELEASE.jar
7f8364019000-7f8364032000 r--s 001da000 08:01 2758575                    /home/jiangshipan/.m2/repository/org/aspectj/aspectjweaver/1.9.4/aspectjweaver-1.9.4.jar
7f8364032000-7f8364033000 r--s 00000000 08:01 2629539                    /home/jiangshipan/.m2/repository/org/springframework/boot/spring-boot-starter-aop/2.1.5.RELEASE/spring-boot-starter-aop-2.1.5.RELEASE.jar
7f8364033000-7f8364036000 r--s 00005000 08:01 4461353                    /home/jiangshipan/.m2/repository/org/springframework/cloud/spring-cloud-netflix-hystrix/2.1.1.RELEASE/spring-cloud-netflix-hystrix-2.1.1.RELEASE.jar
7f8364036000-7f8364037000 r--s 00000000 08:01 4591687                    /home/jiangshipan/.m2/repository/org/springframework/cloud/spring-cloud-starter-netflix-eureka-client/2.1.1.RELEASE/spring-cloud-starter-netflix-eureka-client-2.1.1.RELEASE.jar
7f8364037000-7f8364039000 r--s 00000000 08:01 4461378                    /home/jiangshipan/.m2/repository/org/springframework/cloud/spring-cloud-starter-eureka/1.4.7.RELEASE/spring-cloud-starter-eureka-1.4.7.RELEASE.jar
7f8364039000-7f8364050000 r--s 00190000 08:01 5507072                    /home/jiangshipan/.m2/repository/org/projectlombok/lombok/1.18.8/lombok-1.18.8.jar
7f8364050000-7f8364063000 r--s 00345000 08:01 2102053                    /usr/jdk1.8.0_161/jre/lib/resources.jar
7f8364063000-7f83640f9000 r--s 0110a000 08:01 2102077                    /usr/jdk1.8.0_161/jre/lib/ext/jfxrt.jar
7f83640f9000-7f8365000000 rw-p 00000000 00:00 0 
7f8365000000-7f83654f0000 rwxp 00000000 00:00 0 
7f83654f0000-7f8374000000 ---p 00000000 00:00 0 
7f8374000000-7f8374bec000 rw-p 00000000 00:00 0 
7f8374bec000-7f8378000000 ---p 00000000 00:00 0 
7f8378000000-7f8378013000 r--s 000d6000 08:01 2101957                    /usr/jdk1.8.0_161/jre/lib/plugin.jar
7f8378013000-7f8378014000 r--s 00000000 08:01 2101939                    /usr/jdk1.8.0_161/jre/lib/management-agent.jar
7f8378014000-7f8378019000 r--s 0009d000 08:01 2102072                    /usr/jdk1.8.0_161/jre/lib/jsse.jar
7f8378019000-7f8378022000 r--s 0006d000 08:01 2101942                    /usr/jdk1.8.0_161/jre/lib/javaws.jar
7f8378022000-7f837803e000 r--s 0020b000 08:01 2101933                    /usr/jdk1.8.0_161/jre/lib/deploy.jar
7f837803e000-7f837808d000 rw-p 00000000 00:00 0 
7f837808d000-7f8378266000 r--s 03d64000 08:01 2102015                    /usr/jdk1.8.0_161/jre/lib/rt.jar
7f8378266000-7f8379e6c000 rw-p 00000000 00:00 0 
7f8379e6c000-7f8379e6d000 ---p 00000000 00:00 0 
7f8379e6d000-7f8379f6d000 rw-p 00000000 00:00 0 
7f8379f6d000-7f8379f6e000 ---p 00000000 00:00 0 
7f8379f6e000-7f837a06e000 rw-p 00000000 00:00 0 
7f837a06e000-7f837a06f000 ---p 00000000 00:00 0 
7f837a06f000-7f837a16f000 rw-p 00000000 00:00 0 
7f837a16f000-7f837a170000 ---p 00000000 00:00 0 
7f837a170000-7f837a27f000 rw-p 00000000 00:00 0 
7f837a27f000-7f837a38a000 ---p 00000000 00:00 0 
7f837a38a000-7f837a399000 rw-p 00000000 00:00 0 
7f837a399000-7f837a4a3000 ---p 00000000 00:00 0 
7f837a4a3000-7f837a4e1000 rw-p 00000000 00:00 0 
7f837a4e1000-7f837a530000 ---p 00000000 00:00 0 
7f837a530000-7f837a545000 rw-p 00000000 00:00 0 
7f837a545000-7f837a8f1000 ---p 00000000 00:00 0 
7f837a8f1000-7f837a90c000 r-xp 00000000 08:01 2102225                    /usr/jdk1.8.0_161/jre/lib/amd64/libzip.so
7f837a90c000-7f837ab0c000 ---p 0001b000 08:01 2102225                    /usr/jdk1.8.0_161/jre/lib/amd64/libzip.so
7f837ab0c000-7f837ab0d000 rw-p 0001b000 08:01 2102225                    /usr/jdk1.8.0_161/jre/lib/amd64/libzip.so
7f837ab0d000-7f837ab18000 r-xp 00000000 08:01 7475973                    /lib/x86_64-linux-gnu/libnss_files-2.27.so
7f837ab18000-7f837ad17000 ---p 0000b000 08:01 7475973                    /lib/x86_64-linux-gnu/libnss_files-2.27.so
7f837ad17000-7f837ad18000 r--p 0000a000 08:01 7475973                    /lib/x86_64-linux-gnu/libnss_files-2.27.so
7f837ad18000-7f837ad19000 rw-p 0000b000 08:01 7475973                    /lib/x86_64-linux-gnu/libnss_files-2.27.so
7f837ad19000-7f837ad1f000 rw-p 00000000 00:00 0 
7f837ad1f000-7f837ad36000 r-xp 00000000 08:01 7475967                    /lib/x86_64-linux-gnu/libnsl-2.27.so
7f837ad36000-7f837af35000 ---p 00017000 08:01 7475967                    /lib/x86_64-linux-gnu/libnsl-2.27.so
7f837af35000-7f837af36000 r--p 00016000 08:01 7475967                    /lib/x86_64-linux-gnu/libnsl-2.27.so
7f837af36000-7f837af37000 rw-p 00017000 08:01 7475967                    /lib/x86_64-linux-gnu/libnsl-2.27.so
7f837af37000-7f837af39000 rw-p 00000000 00:00 0 
7f837af39000-7f837af44000 r-xp 00000000 08:01 7475984                    /lib/x86_64-linux-gnu/libnss_nis-2.27.so
7f837af44000-7f837b143000 ---p 0000b000 08:01 7475984                    /lib/x86_64-linux-gnu/libnss_nis-2.27.so
7f837b143000-7f837b144000 r--p 0000a000 08:01 7475984                    /lib/x86_64-linux-gnu/libnss_nis-2.27.so
7f837b144000-7f837b145000 rw-p 0000b000 08:01 7475984                    /lib/x86_64-linux-gnu/libnss_nis-2.27.so
7f837b145000-7f837b14d000 r-xp 00000000 08:01 7475969                    /lib/x86_64-linux-gnu/libnss_compat-2.27.so
7f837b14d000-7f837b34d000 ---p 00008000 08:01 7475969                    /lib/x86_64-linux-gnu/libnss_compat-2.27.so
7f837b34d000-7f837b34e000 r--p 00008000 08:01 7475969                    /lib/x86_64-linux-gnu/libnss_compat-2.27.so
7f837b34e000-7f837b34f000 rw-p 00009000 08:01 7475969                    /lib/x86_64-linux-gnu/libnss_compat-2.27.so
7f837b34f000-7f837b359000 r-xp 00000000 08:01 2102234                    /usr/jdk1.8.0_161/jre/lib/amd64/libinstrument.so
7f837b359000-7f837b558000 ---p 0000a000 08:01 2102234                    /usr/jdk1.8.0_161/jre/lib/amd64/libinstrument.so
7f837b558000-7f837b559000 rw-p 00009000 08:01 2102234                    /usr/jdk1.8.0_161/jre/lib/amd64/libinstrument.so
7f837b559000-7f837b584000 r-xp 00000000 08:01 2102219                    /usr/jdk1.8.0_161/jre/lib/amd64/libjava.so
7f837b584000-7f837b783000 ---p 0002b000 08:01 2102219                    /usr/jdk1.8.0_161/jre/lib/amd64/libjava.so
7f837b783000-7f837b785000 rw-p 0002a000 08:01 2102219                    /usr/jdk1.8.0_161/jre/lib/amd64/libjava.so
7f837b785000-7f837b792000 r-xp 00000000 08:01 2102224                    /usr/jdk1.8.0_161/jre/lib/amd64/libverify.so
7f837b792000-7f837b992000 ---p 0000d000 08:01 2102224                    /usr/jdk1.8.0_161/jre/lib/amd64/libverify.so
7f837b992000-7f837b994000 rw-p 0000d000 08:01 2102224                    /usr/jdk1.8.0_161/jre/lib/amd64/libverify.so
7f837b994000-7f837b99b000 r-xp 00000000 08:01 7476024                    /lib/x86_64-linux-gnu/librt-2.27.so
7f837b99b000-7f837bb9a000 ---p 00007000 08:01 7476024                    /lib/x86_64-linux-gnu/librt-2.27.so
7f837bb9a000-7f837bb9b000 r--p 00006000 08:01 7476024                    /lib/x86_64-linux-gnu/librt-2.27.so
7f837bb9b000-7f837bb9c000 rw-p 00007000 08:01 7476024                    /lib/x86_64-linux-gnu/librt-2.27.so
7f837bb9c000-7f837bd39000 r-xp 00000000 08:01 7475946                    /lib/x86_64-linux-gnu/libm-2.27.so
7f837bd39000-7f837bf38000 ---p 0019d000 08:01 7475946                    /lib/x86_64-linux-gnu/libm-2.27.so
7f837bf38000-7f837bf39000 r--p 0019c000 08:01 7475946                    /lib/x86_64-linux-gnu/libm-2.27.so
7f837bf39000-7f837bf3a000 rw-p 0019d000 08:01 7475946                    /lib/x86_64-linux-gnu/libm-2.27.so
7f837bf3a000-7f837cc13000 r-xp 00000000 08:01 2102202                    /usr/jdk1.8.0_161/jre/lib/amd64/server/libjvm.so
7f837cc13000-7f837ce12000 ---p 00cd9000 08:01 2102202                    /usr/jdk1.8.0_161/jre/lib/amd64/server/libjvm.so
7f837ce12000-7f837ceeb000 rw-p 00cd8000 08:01 2102202                    /usr/jdk1.8.0_161/jre/lib/amd64/server/libjvm.so
7f837ceeb000-7f837cf37000 rw-p 00000000 00:00 0 
7f837cf37000-7f837d11e000 r-xp 00000000 08:01 7475883                    /lib/x86_64-linux-gnu/libc-2.27.so
7f837d11e000-7f837d31e000 ---p 001e7000 08:01 7475883                    /lib/x86_64-linux-gnu/libc-2.27.so
7f837d31e000-7f837d322000 r--p 001e7000 08:01 7475883                    /lib/x86_64-linux-gnu/libc-2.27.so
7f837d322000-7f837d324000 rw-p 001eb000 08:01 7475883                    /lib/x86_64-linux-gnu/libc-2.27.so
7f837d324000-7f837d328000 rw-p 00000000 00:00 0 
7f837d328000-7f837d32b000 r-xp 00000000 08:01 7475906                    /lib/x86_64-linux-gnu/libdl-2.27.so
7f837d32b000-7f837d52a000 ---p 00003000 08:01 7475906                    /lib/x86_64-linux-gnu/libdl-2.27.so
7f837d52a000-7f837d52b000 r--p 00002000 08:01 7475906                    /lib/x86_64-linux-gnu/libdl-2.27.so
7f837d52b000-7f837d52c000 rw-p 00003000 08:01 7475906                    /lib/x86_64-linux-gnu/libdl-2.27.so
7f837d52c000-7f837d542000 r-xp 00000000 08:01 2101840                    /usr/jdk1.8.0_161/lib/amd64/jli/libjli.so
7f837d542000-7f837d741000 ---p 00016000 08:01 2101840                    /usr/jdk1.8.0_161/lib/amd64/jli/libjli.so
7f837d741000-7f837d742000 rw-p 00015000 08:01 2101840                    /usr/jdk1.8.0_161/lib/amd64/jli/libjli.so
7f837d742000-7f837d75c000 r-xp 00000000 08:01 7476016                    /lib/x86_64-linux-gnu/libpthread-2.27.so
7f837d75c000-7f837d95b000 ---p 0001a000 08:01 7476016                    /lib/x86_64-linux-gnu/libpthread-2.27.so
7f837d95b000-7f837d95c000 r--p 00019000 08:01 7476016                    /lib/x86_64-linux-gnu/libpthread-2.27.so
7f837d95c000-7f837d95d000 rw-p 0001a000 08:01 7476016                    /lib/x86_64-linux-gnu/libpthread-2.27.so
7f837d95d000-7f837d961000 rw-p 00000000 00:00 0 
7f837d961000-7f837d988000 r-xp 00000000 08:01 7475855                    /lib/x86_64-linux-gnu/ld-2.27.so
7f837d988000-7f837d98d000 r--s 00084000 08:01 2101932                    /usr/jdk1.8.0_161/jre/lib/jfr.jar
7f837d98d000-7f837da6f000 rw-p 00000000 00:00 0 
7f837da6f000-7f837da70000 ---p 00000000 00:00 0 
7f837da70000-7f837da73000 ---p 00000000 00:00 0 
7f837da73000-7f837db74000 rw-p 00000000 00:00 0 
7f837db74000-7f837db76000 r--s 00007000 08:01 2102247                    /usr/jdk1.8.0_161/jre/lib/jfxswt.jar
7f837db76000-7f837db79000 r--s 0001a000 08:01 2102245                    /usr/jdk1.8.0_161/jre/lib/jce.jar
7f837db79000-7f837db7e000 r--s 002f9000 08:01 2102013                    /usr/jdk1.8.0_161/jre/lib/charsets.jar
7f837db7e000-7f837db86000 rw-s 00000000 08:01 1971233                    /tmp/hsperfdata_jiangshipan/20883
7f837db86000-7f837db87000 rw-p 00000000 00:00 0 
7f837db87000-7f837db88000 ---p 00000000 00:00 0 
7f837db88000-7f837db89000 r--p 00027000 08:01 7475855                    /lib/x86_64-linux-gnu/ld-2.27.so
7f837db89000-7f837db8a000 rw-p 00028000 08:01 7475855                    /lib/x86_64-linux-gnu/ld-2.27.so
7f837db8a000-7f837db8b000 rw-p 00000000 00:00 0 
7ffc47f51000-7ffc47f75000 rw-p 00000000 00:00 0                          [stack]
7ffc47fcb000-7ffc47fce000 r--p 00000000 00:00 0                          [vvar]
7ffc47fce000-7ffc47fd0000 r-xp 00000000 00:00 0                          [vdso]
ffffffffff600000-ffffffffff601000 r-xp 00000000 00:00 0                  [vsyscall]

VM Arguments:
jvm_args: -XX:TieredStopAtLevel=1 -Xverify:none -Dspring.output.ansi.enabled=always -Dcom.sun.management.jmxremote -Dspring.jmx.enabled=true -Dspring.liveBeansView.mbeanDomain -Dspring.application.admin.enabled=true -javaagent:/home/jiangshipan/下载/idea-IU-191.7141.44/lib/idea_rt.jar=44667:/home/jiangshipan/下载/idea-IU-191.7141.44/bin -Dfile.encoding=UTF-8 
java_command: com.jsp.springcloud.servicecloudconsumedept80.ServicecloudConsumeDept80Application
java_class_path (initial): /usr/jdk1.8.0_161/jre/lib/charsets.jar:/usr/jdk1.8.0_161/jre/lib/deploy.jar:/usr/jdk1.8.0_161/jre/lib/ext/cldrdata.jar:/usr/jdk1.8.0_161/jre/lib/ext/dnsns.jar:/usr/jdk1.8.0_161/jre/lib/ext/jaccess.jar:/usr/jdk1.8.0_161/jre/lib/ext/jfxrt.jar:/usr/jdk1.8.0_161/jre/lib/ext/localedata.jar:/usr/jdk1.8.0_161/jre/lib/ext/nashorn.jar:/usr/jdk1.8.0_161/jre/lib/ext/sunec.jar:/usr/jdk1.8.0_161/jre/lib/ext/sunjce_provider.jar:/usr/jdk1.8.0_161/jre/lib/ext/sunpkcs11.jar:/usr/jdk1.8.0_161/jre/lib/ext/zipfs.jar:/usr/jdk1.8.0_161/jre/lib/javaws.jar:/usr/jdk1.8.0_161/jre/lib/jce.jar:/usr/jdk1.8.0_161/jre/lib/jfr.jar:/usr/jdk1.8.0_161/jre/lib/jfxswt.jar:/usr/jdk1.8.0_161/jre/lib/jsse.jar:/usr/jdk1.8.0_161/jre/lib/management-agent.jar:/usr/jdk1.8.0_161/jre/lib/plugin.jar:/usr/jdk1.8.0_161/jre/lib/resources.jar:/usr/jdk1.8.0_161/jre/lib/rt.jar:/home/jiangshipan/git/servicecloud/servicecloud-consume-dept-80/target/classes:/home/jiangshipan/git/servicecloud/servicecloud-api/target/classes:/home/jiangshipan/.m2/repository/org/projectlombok/lombok/1.18.8/lombok-1.18.8.jar:/home/jiangshipan/.m2/repository/org/springframework/cloud/spring-cloud-starter-eureka/1.4.7.RELEASE/spring-cloud-starter-eureka-1.4.7.RELEASE.jar:/home/jiangshipan/.m2/repository/org/springframework/cloud/spring-cloud-starter-netflix-eureka-client/2.1.1.RELEASE/spring-cloud-starter-netflix-eureka-client-2.1.1.RELEASE.jar:/home/jiangshipan/.m2/repository/org/springframework/cloud/spring-cloud-netflix-hystrix/2.1.1.RELEASE/spring-cloud-netflix-hystrix-2.1.1.RELEASE.jar:/home/jiangshipan/.m2/repository/org/springframework/boot/spring-boot-starter-aop/2.1.5.RELEASE/spring-boot-starter-aop-2.1.5.RELEASE.jar:/home/jiangshipan/.m2/repository/org/aspectj/aspectjweaver/1.9.4/aspectjweaver-1.9.4.jar:/home/jiangshipan/.m2/repository/org/springframework/cloud/spring-cloud-netflix-eureka-client/2.1.1.RELEASE/spring-cloud-netflix-eureka-client-2.1.1.RELEASE.jar:/home/jiangshipan/.m2/repository/com/netflix/
Launcher Type: SUN_STANDARD

Environment Variables:
JAVA_HOME=/usr/jdk1.8.0_161
CLASSPATH=/home/jiangshipan/下载/idea-IU-191.7141.44/lib/bootstrap.jar:/home/jiangshipan/下载/idea-IU-191.7141.44/lib/extensions.jar:/home/jiangshipan/下载/idea-IU-191.7141.44/lib/util.jar:/home/jiangshipan/下载/idea-IU-191.7141.44/lib/jdom.jar:/home/jiangshipan/下载/idea-IU-191.7141.44/lib/log4j.jar:/home/jiangshipan/下载/idea-IU-191.7141.44/lib/trove4j.jar:/home/jiangshipan/下载/idea-IU-191.7141.44/lib/jna.jar:/home/jiangshipan/下载/idea-IU-191.7141.44/jre64/lib/tools.jar
PATH=/usr/local/sbin:/usr/local/bin:/usr/sbin:/usr/bin:/sbin:/bin:/usr/games:/usr/local/games:/snap/bin:/usr/jdk1.8.0_161/bin:/usr/apache-maven-3.6.1/bin
USERNAME=jiangshipan
SHELL=/bin/bash
DISPLAY=:0

Signal Handlers:
SIGSEGV: [libjvm.so+0xad01e0], sa_mask[0]=11111111011111111101111111111110, sa_flags=SA_RESTART|SA_SIGINFO
SIGBUS: [libjvm.so+0xad01e0], sa_mask[0]=11111111011111111101111111111110, sa_flags=SA_RESTART|SA_SIGINFO
SIGFPE: [libjvm.so+0x927fb0], sa_mask[0]=11111111011111111101111111111110, sa_flags=SA_RESTART|SA_SIGINFO
SIGPIPE: [libjvm.so+0x927fb0], sa_mask[0]=11111111011111111101111111111110, sa_flags=SA_RESTART|SA_SIGINFO
SIGXFSZ: [libjvm.so+0x927fb0], sa_mask[0]=11111111011111111101111111111110, sa_flags=SA_RESTART|SA_SIGINFO
SIGILL: [libjvm.so+0x927fb0], sa_mask[0]=11111111011111111101111111111110, sa_flags=SA_RESTART|SA_SIGINFO
SIGUSR1: SIG_DFL, sa_mask[0]=00000000000000000000000000000000, sa_flags=none
SIGUSR2: [libjvm.so+0x9297f0], sa_mask[0]=00100000000000000000000000000000, sa_flags=SA_RESTART|SA_SIGINFO
SIGHUP: [libjvm.so+0x92abf0], sa_mask[0]=11111111011111111101111111111110, sa_flags=SA_RESTART|SA_SIGINFO
SIGINT: [libjvm.so+0x92abf0], sa_mask[0]=11111111011111111101111111111110, sa_flags=SA_RESTART|SA_SIGINFO
SIGTERM: [libjvm.so+0x92abf0], sa_mask[0]=11111111011111111101111111111110, sa_flags=SA_RESTART|SA_SIGINFO
SIGQUIT: [libjvm.so+0x92abf0], sa_mask[0]=11111111011111111101111111111110, sa_flags=SA_RESTART|SA_SIGINFO


---------------  S Y S T E M  ---------------

OS:DISTRIB_ID=Ubuntu
DISTRIB_RELEASE=18.04
DISTRIB_CODENAME=bionic
DISTRIB_DESCRIPTION="Ubuntu 18.04.1 LTS"

uname:Linux 4.15.0-50-generic #54-Ubuntu SMP Mon May 6 18:46:08 UTC 2019 x86_64
libc:glibc 2.27 NPTL 2.27 
rlimit: STACK 8192k, CORE 0k, NPROC 13236, NOFILE 1048576, AS infinity
load average:16.59 6.01 2.93

/proc/meminfo:
MemTotal:        3449848 kB
MemFree:           84376 kB
MemAvailable:       2904 kB
Buffers:             560 kB
Cached:           113816 kB
SwapCached:         1904 kB
Active:          2443976 kB
Inactive:         633556 kB
Active(anon):    2438312 kB
Inactive(anon):   624320 kB
Active(file):       5664 kB
Inactive(file):     9236 kB
Unevictable:          64 kB
Mlocked:              64 kB
SwapTotal:       2097148 kB
SwapFree:              0 kB
Dirty:               152 kB
Writeback:             0 kB
AnonPages:       2963124 kB
Mapped:            20260 kB
Shmem:             99188 kB
Slab:             153372 kB
SReclaimable:      55284 kB
SUnreclaim:        98088 kB
KernelStack:       18192 kB
PageTables:        62328 kB
NFS_Unstable:          0 kB
Bounce:                0 kB
WritebackTmp:          0 kB
CommitLimit:     3822072 kB
Committed_AS:   11458232 kB
VmallocTotal:   34359738367 kB
VmallocUsed:           0 kB
VmallocChunk:          0 kB
HardwareCorrupted:     0 kB
AnonHugePages:         0 kB
ShmemHugePages:        0 kB
ShmemPmdMapped:        0 kB
CmaTotal:              0 kB
CmaFree:               0 kB
HugePages_Total:       0
HugePages_Free:        0
HugePages_Rsvd:        0
HugePages_Surp:        0
Hugepagesize:       2048 kB
DirectMap4k:      282576 kB
DirectMap2M:     3313664 kB
DirectMap1G:           0 kB


CPU:total 4 (initial active 4) (2 cores per cpu, 2 threads per core) family 6 model 78 stepping 3, cmov, cx8, fxsr, mmx, sse, sse2, sse3, ssse3, sse4.1, sse4.2, popcnt, avx, avx2, clmul, erms, 3dnowpref, lzcnt, ht, tsc, tscinvbit, bmi1, bmi2, adx

/proc/cpuinfo:
processor	: 0
vendor_id	: GenuineIntel
cpu family	: 6
model		: 78
model name	: Intel(R) Core(TM) i5-6200U CPU @ 2.30GHz
stepping	: 3
microcode	: 0xcc
cpu MHz		: 2700.105
cache size	: 3072 KB
physical id	: 0
siblings	: 4
core id		: 0
cpu cores	: 2
apicid		: 0
initial apicid	: 0
fpu		: yes
fpu_exception	: yes
cpuid level	: 22
wp		: yes
flags		: fpu vme de pse tsc msr pae mce cx8 apic sep mtrr pge mca cmov pat pse36 clflush dts acpi mmx fxsr sse sse2 ss ht tm pbe syscall nx pdpe1gb rdtscp lm constant_tsc art arch_perfmon pebs bts rep_good nopl xtopology nonstop_tsc cpuid aperfmperf tsc_known_freq pni pclmulqdq dtes64 monitor ds_cpl vmx est tm2 ssse3 sdbg fma cx16 xtpr pdcm pcid sse4_1 sse4_2 x2apic movbe popcnt tsc_deadline_timer xsave avx f16c rdrand lahf_lm abm 3dnowprefetch cpuid_fault epb invpcid_single pti ssbd ibrs ibpb stibp tpr_shadow vnmi flexpriority ept vpid fsgsbase tsc_adjust bmi1 avx2 smep bmi2 erms invpcid mpx rdseed adx smap clflushopt intel_pt xsaveopt xsavec xgetbv1 xsaves dtherm ida arat pln pts hwp hwp_notify hwp_act_window hwp_epp md_clear flush_l1d
bugs		: cpu_meltdown spectre_v1 spectre_v2 spec_store_bypass l1tf mds
bogomips	: 4800.00
clflush size	: 64
cache_alignment	: 64
address sizes	: 39 bits physical, 48 bits virtual
power management:

processor	: 1
vendor_id	: GenuineIntel
cpu family	: 6
model		: 78
model name	: Intel(R) Core(TM) i5-6200U CPU @ 2.30GHz
stepping	: 3
microcode	: 0xcc
cpu MHz		: 2699.997
cache size	: 3072 KB
physical id	: 0
siblings	: 4
core id		: 1
cpu cores	: 2
apicid		: 2
initial apicid	: 2
fpu		: yes
fpu_exception	: yes
cpuid level	: 22
wp		: yes
flags		: fpu vme de pse tsc msr pae mce cx8 apic sep mtrr pge mca cmov pat pse36 clflush dts acpi mmx fxsr sse sse2 ss ht tm pbe syscall nx pdpe1gb rdtscp lm constant_tsc art arch_perfmon pebs bts rep_good nopl xtopology nonstop_tsc cpuid aperfmperf tsc_known_freq pni pclmulqdq dtes64 monitor ds_cpl vmx est tm2 ssse3 sdbg fma cx16 xtpr pdcm pcid sse4_1 sse4_2 x2apic movbe popcnt tsc_deadline_timer xsave avx f16c rdrand lahf_lm abm 3dnowprefetch cpuid_fault epb invpcid_single pti ssbd ibrs ibpb stibp tpr_shadow vnmi flexpriority ept vpid fsgsbase tsc_adjust bmi1 avx2 smep bmi2 erms invpcid mpx rdseed adx smap clflushopt intel_pt xsaveopt xsavec xgetbv1 xsaves dtherm ida arat pln pts hwp hwp_notify hwp_act_window hwp_epp md_clear flush_l1d
bugs		: cpu_meltdown spectre_v1 spectre_v2 spec_store_bypass l1tf mds
bogomips	: 4800.00
clflush size	: 64
cache_alignment	: 64
address sizes	: 39 bits physical, 48 bits virtual
power management:

processor	: 2
vendor_id	: GenuineIntel
cpu family	: 6
model		: 78
model name	: Intel(R) Core(TM) i5-6200U CPU @ 2.30GHz
stepping	: 3
microcode	: 0xcc
cpu MHz		: 2701.621
cache size	: 3072 KB
physical id	: 0
siblings	: 4
core id		: 0
cpu cores	: 2
apicid		: 1
initial apicid	: 1
fpu		: yes
fpu_exception	: yes
cpuid level	: 22
wp		: yes
flags		: fpu vme de pse tsc msr pae mce cx8 apic sep mtrr pge mca cmov pat pse36 clflush dts acpi mmx fxsr sse sse2 ss ht tm pbe syscall nx pdpe1gb rdtscp lm constant_tsc art arch_perfmon pebs bts rep_good nopl xtopology nonstop_tsc cpuid aperfmperf tsc_known_freq pni pclmulqdq dtes64 monitor ds_cpl vmx est tm2 ssse3 sdbg fma cx16 xtpr pdcm pcid sse4_1 sse4_2 x2apic movbe popcnt tsc_deadline_timer xsave avx f16c rdrand lahf_lm abm 3dnowprefetch cpuid_fault epb invpcid_single pti ssbd ibrs ibpb stibp tpr_shadow vnmi flexpriority ept vpid fsgsbase tsc_adjust bmi1 avx2 smep bmi2 erms invpcid mpx rdseed adx smap clflushopt intel_pt xsaveopt xsavec xgetbv1 xsaves dtherm ida arat pln pts hwp hwp_notify hwp_act_window hwp_epp md_clear flush_l1d
bugs		: cpu_meltdown spectre_v1 spectre_v2 spec_store_bypass l1tf mds
bogomips	: 4800.00
clflush size	: 64
cache_alignment	: 64
address sizes	: 39 bits physical, 48 bits virtual
power management:

processor	: 3
vendor_id	: GenuineIntel
cpu family	: 6
model		: 78
model name	: Intel(R) Core(TM) i5-6200U CPU @ 2.30GHz
stepping	: 3
microcode	: 0xcc
cpu MHz		: 2700.004
cache size	: 3072 KB
physical id	: 0
siblings	: 4
core id		: 1
cpu cores	: 2
apicid		: 3
initial apicid	: 3
fpu		: yes
fpu_exception	: yes
cpuid level	: 22
wp		: yes
flags		: fpu vme de pse tsc msr pae mce cx8 apic sep mtrr pge mca cmov pat pse36 clflush dts acpi mmx fxsr sse sse2 ss ht tm pbe syscall nx pdpe1gb rdtscp lm constant_tsc art arch_perfmon pebs bts rep_good nopl xtopology nonstop_tsc cpuid aperfmperf tsc_known_freq pni pclmulqdq dtes64 monitor ds_cpl vmx est tm2 ssse3 sdbg fma cx16 xtpr pdcm pcid sse4_1 sse4_2 x2apic movbe popcnt tsc_deadline_timer xsave avx f16c rdrand lahf_lm abm 3dnowprefetch cpuid_fault epb invpcid_single pti ssbd ibrs ibpb stibp tpr_shadow vnmi flexpriority ept vpid fsgsbase tsc_adjust bmi1 avx2 smep bmi2 erms invpcid mpx rdseed adx smap clflushopt intel_pt xsaveopt xsavec xgetbv1 xsaves dtherm ida arat pln pts hwp hwp_notify hwp_act_window hwp_epp md_clear flush_l1d
bugs		: cpu_meltdown spectre_v1 spectre_v2 spec_store_bypass l1tf mds
bogomips	: 4800.00
clflush size	: 64
cache_alignment	: 64
address sizes	: 39 bits physical, 48 bits virtual
power management:



Memory: 4k page, physical 3449848k(83724k free), swap 2097148k(0k free)

vm_info: Java HotSpot(TM) 64-Bit Server VM (25.161-b12) for linux-amd64 JRE (1.8.0_161-b12), built on Dec 19 2017 16:12:43 by "java_re" with gcc 4.3.0 20080428 (Red Hat 4.3.0-8)

time: Thu May 30 20:00:50 2019
elapsed time: 66 seconds (0d 0h 1m 6s)

